[19:04:12.090][INFO][CraftTweaker-EarlyInit]: CraftTweaker is running on a Minecraft 1.20.1 production server modded with platform Forge
[19:04:12.101][INFO][CraftTweaker-EarlyInit]: Successfully injected RecipeFS file system
[19:04:12.120][INFO][CraftTweaker-Plugins]: Successfully identified and loaded plugin jeitweaker:common
[19:04:12.132][INFO][CraftTweaker-Plugins]: Successfully identified and loaded plugin crafttweaker:builtin
[19:04:12.133][INFO][CraftTweaker-Plugins]: Successfully identified and loaded plugin crafttweaker:builtin_forge
[19:04:12.140][INFO][CraftTweaker-Plugins]: Successfully identified and loaded plugin farmersdelight:crafttweaker_plugin
[19:04:12.168][INFO][JEITweaker]: Identified JeiTweaker plugin 'jeitweaker:forge': loading scheduled
[19:04:12.169][INFO][JEITweaker]: Identified JeiTweaker plugin 'jeitweaker:common': loading scheduled
[19:04:12.185][INFO][JEITweaker]: JEITweaker Environmental Check: the combination of mods [jei] is fully supported
[19:04:12.185][INFO][JEITweaker]: Running JeiTweaker plugin initialization
[19:04:12.198][INFO][JEITweaker]: JeiTweaker plugin initialization completed successfully
[19:04:12.875][INFO][CraftTweaker]: The following mods have explicit CraftTweaker support through the default plugin:
[19:04:12.878][INFO][CraftTweaker]: - 'crafttweaker' at version '14.0.44'
[19:04:12.878][INFO][CraftTweaker]: - 'farmersdelight' at version '1.20.1-1.2.5'
[19:04:12.879][INFO][CraftTweaker]: - 'jeitweaker' at version '8.0.6'
[19:04:22.961][INFO][CraftTweaker-ZenCode]: Started loading scripts for loader 'initialize'
[19:04:23.526][INFO][CraftTweaker-ZenCode]: Compiling and executing scripts
[19:04:23.553][INFO][CraftTweaker-ZenCode]: Successfully initialized modules [crafttweaker, expansions]
[19:04:23.661][INFO][CraftTweaker-ZenCode]: Execution for loader 'initialize' completed successfully
[19:04:38.058][INFO][CraftTweaker-ZenCode]: Started loading scripts for loader 'tags'
[19:04:38.088][INFO][CraftTweaker-ZenCode]: Compiling and executing scripts
[19:04:38.110][INFO][CraftTweaker-ZenCode]: Successfully initialized modules [crafttweaker, expansions]
[19:04:38.123][INFO][CraftTweaker-ZenCode]: Execution for loader 'tags' completed successfully
[19:04:40.074][INFO][CraftTweaker]: crafttweaker.reload.start
[19:04:40.077][INFO][CraftTweaker-ZenCode]: Started loading scripts for loader 'crafttweaker'
[19:04:40.109][INFO][CraftTweaker-ZenCode]: Compiling and executing scripts
[19:04:40.582][INFO][CraftTweaker-ZenCode]: Successfully initialized modules [mods, crafttweaker, expansions]
[19:04:40.601][INFO][CraftTweaker-ZenCode]: Execution for loader 'crafttweaker' completed successfully
[19:04:40.601][INFO][CraftTweaker]: crafttweaker.reload.complete
