* This is the StructMobWeight report file that is output every time the server starts.
* 
* Spawn Balance Utility (SBU) will use this file ONLY if it is renamed to StructMobWeight.csv.
* Lines starting with '*' are comments and ignored
* It allows you to add and remove mobs and adjust their spawnweights for Structures
* like shipwrecks, nether fortresses, water monuments, etc.
* 
1, dungeons_arise:abandoned_temple, HEADING, header:ignore, 0, 0, 0
2, dungeons_arise:abandoned_temple, MONSTER, minecraft:stray, 1, 1, 1
3, idas:abandonedhouse, HEADING, header:ignore, 0, 0, 0
4, totw_modded:aether, HEADING, header:ignore, 0, 0, 0
5, graveyard:altar, HEADING, header:ignore, 0, 0, 0
6, betternether:altars, HEADING, header:ignore, 0, 0, 0
7, irons_spellbooks:ancient_battleground, HEADING, header:ignore, 0, 0, 0
8, minecraft:ancient_city, HEADING, header:ignore, 0, 0, 0
9, repurposed_structures:ancient_city_end, HEADING, header:ignore, 0, 0, 0
10, repurposed_structures:ancient_city_end, MONSTER, minecraft:phantom, 3, 1, 1
11, repurposed_structures:ancient_city_end, MONSTER, minecraft:endermite, 2, 3, 7
12, repurposed_structures:ancient_city_nether, HEADING, header:ignore, 0, 0, 0
13, repurposed_structures:ancient_city_nether, MONSTER, minecraft:ghast, 10, 6, 10
14, repurposed_structures:ancient_city_nether, MONSTER, minecraft:wither_skeleton, 1, 1, 3
15, repurposed_structures:ancient_city_ocean, HEADING, header:ignore, 0, 0, 0
16, repurposed_structures:ancient_city_ocean, MONSTER, minecraft:drowned, 10, 2, 5
17, cataclysm:ancient_factory, HEADING, header:ignore, 0, 0, 0
18, idas:ancient_mines, HEADING, header:ignore, 0, 0, 0
19, idas:ancient_mines, MONSTER, minecraft:silverfish, 1, 1, 1
20, idas:ancient_mines, MONSTER, quark:wraith, 1, 1, 1
21, idas:ancient_portal/ancient_portal, HEADING, header:ignore, 0, 0, 0
22, idas:ancient_portal/ancient_portal, MONSTER, minecraft:silverfish, 3, 1, 4
23, idas:ancient_portal/ancient_portal, MONSTER, quark:wraith, 3, 1, 4
24, idas:ancient_portal/nether_ancient_portal, HEADING, header:ignore, 0, 0, 0
25, idas:ancient_portal/nether_ancient_portal, MONSTER, quark:wraith, 10, 1, 1
26, idas:ancient_statue/ancient_statue_desert, HEADING, header:ignore, 0, 0, 0
27, idas:ancient_statue/ancient_statue_jungle, HEADING, header:ignore, 0, 0, 0
28, idas:ancient_statue/ancient_statue_plains, HEADING, header:ignore, 0, 0, 0
29, ati_structures:ancient_temple, HEADING, header:ignore, 0, 0, 0
30, ati_structures:ancient_temple, MONSTER, minecraft:slime, 1, 1, 2
31, idas:animal_den/forest_den, HEADING, header:ignore, 0, 0, 0
32, idas:animal_den/foxhound_den, HEADING, header:ignore, 0, 0, 0
33, idas:animal_den/polar_bear_den, HEADING, header:ignore, 0, 0, 0
34, idas:apothecary_abode, HEADING, header:ignore, 0, 0, 0
35, idas:ars_nouveau/archmages_tower, HEADING, header:ignore, 0, 0, 0
36, dungeons_arise:aviary, HEADING, header:ignore, 0, 0, 0
37, dungeons_arise:aviary, MONSTER, minecraft:phantom, 60, 2, 3
38, totw_modded:badlands, HEADING, header:ignore, 0, 0, 0
39, dungeons_arise:bandit_towers, HEADING, header:ignore, 0, 0, 0
40, dungeons_arise:bandit_village, HEADING, header:ignore, 0, 0, 0
41, minecraft:bastion_remnant, HEADING, header:ignore, 0, 0, 0
42, repurposed_structures:bastion_underground, HEADING, header:ignore, 0, 0, 0
43, repurposed_structures:bastion_underground, MONSTER, minecraft:skeleton, 10, 1, 4
44, dungeons_arise:bathhouse, HEADING, header:ignore, 0, 0, 0
45, idas:bazaar, HEADING, header:ignore, 0, 0, 0
46, idas:bearclaw_inn, HEADING, header:ignore, 0, 0, 0
47, idas:beekeepers_house, HEADING, header:ignore, 0, 0, 0
48, valhelsia_structures:big_tree, HEADING, header:ignore, 0, 0, 0
49, idas:brickhouse, HEADING, header:ignore, 0, 0, 0
50, minecraft:buried_treasure, HEADING, header:ignore, 0, 0, 0
51, cataclysm:burning_arena, HEADING, header:ignore, 0, 0, 0
52, idas:castle, HEADING, header:ignore, 0, 0, 0
53, valhelsia_structures:castle, HEADING, header:ignore, 0, 0, 0
54, valhelsia_structures:castle_ruin, HEADING, header:ignore, 0, 0, 0
55, irons_spellbooks:catacombs, HEADING, header:ignore, 0, 0, 0
56, irons_spellbooks:catacombs, MONSTER, irons_spellbooks:catacombs_zombie, 10, 1, 1
57, irons_spellbooks:catacombs, MONSTER, minecraft:skeleton, 5, 1, 1
58, irons_spellbooks:catacombs, MONSTER, irons_spellbooks:necromancer, 2, 1, 1
59, dungeons_arise:ceryneian_hind, HEADING, header:ignore, 0, 0, 0
60, repurposed_structures:city_nether, HEADING, header:ignore, 0, 0, 0
61, repurposed_structures:city_nether, MONSTER, minecraft:wither_skeleton, 10, 2, 3
62, repurposed_structures:city_nether, MONSTER, minecraft:blaze, 120, 1, 4
63, repurposed_structures:city_overworld, HEADING, header:ignore, 0, 0, 0
64, born_in_chaos_v1:clown_caravan_plains, HEADING, header:ignore, 0, 0, 0
65, born_in_chaos_v1:clown_caravan_savanna, HEADING, header:ignore, 0, 0, 0
66, born_in_chaos_v1:clown_caravan_taiga, HEADING, header:ignore, 0, 0, 0
67, dungeons_arise:coliseum, HEADING, header:ignore, 0, 0, 0
68, idas:cottage, HEADING, header:ignore, 0, 0, 0
69, graveyard:crypt, HEADING, header:ignore, 0, 0, 0
70, graveyard:crypt, MONSTER, graveyard:acolyte, 25, 1, 1
71, graveyard:crypt, MONSTER, graveyard:corrupted_vindicator, 35, 1, 3
72, graveyard:crypt, MONSTER, graveyard:corrupted_pillager, 35, 1, 3
73, cataclysm:cursed_pyramid, HEADING, header:ignore, 0, 0, 0
74, ati_structures:dark_tower, HEADING, header:ignore, 0, 0, 0
75, born_in_chaos_v1:dark_tower_forest, HEADING, header:ignore, 0, 0, 0
76, born_in_chaos_v1:dark_tower_plain, HEADING, header:ignore, 0, 0, 0
77, born_in_chaos_v1:dark_tower_taiga, HEADING, header:ignore, 0, 0, 0
78, graveyard:dead_tree, HEADING, header:ignore, 0, 0, 0
79, call_of_yucutan:deadly_crypt, HEADING, header:ignore, 0, 0, 0
80, valhelsia_structures:deep_spawner_room, HEADING, header:ignore, 0, 0, 0
81, ati_structures:deepslate_keep, HEADING, header:ignore, 0, 0, 0
82, totw_modded:derelict, HEADING, header:ignore, 0, 0, 0
83, totw_modded:derelict_grass, HEADING, header:ignore, 0, 0, 0
84, totw_modded:desert, HEADING, header:ignore, 0, 0, 0
85, idas:desert_camp/desert_camp, HEADING, header:ignore, 0, 0, 0
86, idas:desert_camp/desert_camp_bygwindswept, HEADING, header:ignore, 0, 0, 0
87, idas:desert_camp/desert_camp_orange, HEADING, header:ignore, 0, 0, 0
88, idas:desert_camp/desert_camp_red, HEADING, header:ignore, 0, 0, 0
89, valhelsia_structures:desert_house, HEADING, header:ignore, 0, 0, 0
90, idas:desert_market/desert_market, HEADING, header:ignore, 0, 0, 0
91, idas:desert_market/desert_market_orange, HEADING, header:ignore, 0, 0, 0
92, idas:desert_market/desert_market_red, HEADING, header:ignore, 0, 0, 0
93, ati_structures:desert_outpost, HEADING, header:ignore, 0, 0, 0
94, minecraft:desert_pyramid, HEADING, header:ignore, 0, 0, 0
95, betterdeserttemples:desert_temple, HEADING, header:ignore, 0, 0, 0
96, betterdeserttemples:desert_temple, MONSTER, minecraft:husk, 100, 10, 32
97, betterdeserttemples:desert_temple, CREATURE, minecraft:cat, 100, 4, 4
98, betterdeserttemples:desert_temple, CREATURE, minecraft:rabbit, 100, 4, 4
99, idas:dig_site/dig_site, HEADING, header:ignore, 0, 0, 0
100, idas:dig_site/dig_site_desert, HEADING, header:ignore, 0, 0, 0
101, ati_structures:dojo, HEADING, header:ignore, 0, 0, 0
102, dungeoncrawl:dungeon, HEADING, header:ignore, 0, 0, 0
103, idas:enchantingtower, HEADING, header:ignore, 0, 0, 0
104, totw_modded:end, HEADING, header:ignore, 0, 0, 0
105, minecraft:end_city, HEADING, header:ignore, 0, 0, 0
106, betterend:end_village, HEADING, header:ignore, 0, 0, 0
107, betterend:eternal_portal, HEADING, header:ignore, 0, 0, 0
108, totw_modded:everbright, HEADING, header:ignore, 0, 0, 0
109, totw_modded:everdawn, HEADING, header:ignore, 0, 0, 0
110, irons_spellbooks:evoker_fort, HEADING, header:ignore, 0, 0, 0
111, irons_spellbooks:evoker_fort, MONSTER, minecraft:pillager, 10, 2, 3
112, irons_spellbooks:evoker_fort, MONSTER, minecraft:vindicator, 5, 4, 4
113, born_in_chaos_v1:farm, HEADING, header:ignore, 0, 0, 0
114, idas:farmhouse, HEADING, header:ignore, 0, 0, 0
115, born_in_chaos_v1:firewell, HEADING, header:ignore, 0, 0, 0
116, idas:fishermans_lodge, HEADING, header:ignore, 0, 0, 0
117, dungeons_arise:fishing_hut, HEADING, header:ignore, 0, 0, 0
118, valhelsia_structures:forge, HEADING, header:ignore, 0, 0, 0
119, ati_structures:fortified_temple, HEADING, header:ignore, 0, 0, 0
120, betterfortresses:fortress, HEADING, header:ignore, 0, 0, 0
121, betterfortresses:fortress, MONSTER, minecraft:blaze, 10, 2, 3
122, betterfortresses:fortress, MONSTER, minecraft:zombified_piglin, 5, 4, 4
123, betterfortresses:fortress, MONSTER, minecraft:wither_skeleton, 8, 5, 5
124, betterfortresses:fortress, MONSTER, minecraft:skeleton, 2, 5, 5
125, betterfortresses:fortress, MONSTER, minecraft:magma_cube, 3, 4, 4
126, minecraft:fortress, HEADING, header:ignore, 0, 0, 0
127, minecraft:fortress, MONSTER, minecraft:blaze, 10, 2, 3
128, minecraft:fortress, MONSTER, minecraft:zombified_piglin, 5, 4, 4
129, minecraft:fortress, MONSTER, minecraft:wither_skeleton, 8, 5, 5
130, minecraft:fortress, MONSTER, minecraft:skeleton, 2, 5, 5
131, minecraft:fortress, MONSTER, minecraft:magma_cube, 3, 4, 4
132, minecraft:fortress, MONSTER, cataclysm:ignited_berserker, 1, 1, 1
133, repurposed_structures:fortress_jungle, HEADING, header:ignore, 0, 0, 0
134, repurposed_structures:fortress_jungle, MONSTER, minecraft:wither_skeleton, 1, 1, 1
135, repurposed_structures:fortress_jungle, MONSTER, minecraft:skeleton, 10, 1, 3
136, repurposed_structures:fortress_jungle, MONSTER, minecraft:zombie, 10, 1, 4
137, repurposed_structures:fortress_jungle, MONSTER, minecraft:spider, 10, 1, 3
138, repurposed_structures:fortress_jungle, MONSTER, minecraft:creeper, 5, 1, 2
139, repurposed_structures:fortress_jungle, MONSTER, minecraft:enderman, 3, 1, 2
140, repurposed_structures:fortress_jungle, MONSTER, minecraft:witch, 2, 1, 2
141, dungeons_arise:foundry, HEADING, header:ignore, 0, 0, 0
142, cataclysm:frosted_prison, HEADING, header:ignore, 0, 0, 0
143, mowziesmobs:frostmaw_spawn, HEADING, header:ignore, 0, 0, 0
144, idas:frozen_crypt, HEADING, header:ignore, 0, 0, 0
145, betternether:gardens, HEADING, header:ignore, 0, 0, 0
146, betternether:ghast_hive, HEADING, header:ignore, 0, 0, 0
147, betterend:giant_ice_star, HEADING, header:ignore, 0, 0, 0
148, betterend:giant_mossy_glowshroom, HEADING, header:ignore, 0, 0, 0
149, dungeons_arise:giant_mushroom, HEADING, header:ignore, 0, 0, 0
150, graveyard:giant_mushroom, HEADING, header:ignore, 0, 0, 0
151, totw_modded:glacio, HEADING, header:ignore, 0, 0, 0
152, ati_structures:gnome_hut, HEADING, header:ignore, 0, 0, 0
153, iceandfire:gorgon_temple, HEADING, header:ignore, 0, 0, 0
154, ati_structures:granite_fort, HEADING, header:ignore, 0, 0, 0
155, born_in_chaos_v1:grave_2003wise, HEADING, header:ignore, 0, 0, 0
156, born_in_chaos_v1:grave_darktitan, HEADING, header:ignore, 0, 0, 0
157, born_in_chaos_v1:grave_derivas, HEADING, header:ignore, 0, 0, 0
158, born_in_chaos_v1:grave_fubuki_banzai, HEADING, header:ignore, 0, 0, 0
159, born_in_chaos_v1:grave_orion, HEADING, header:ignore, 0, 0, 0
160, born_in_chaos_v1:grave_petasi, HEADING, header:ignore, 0, 0, 0
161, iceandfire:graveyard, HEADING, header:ignore, 0, 0, 0
162, dungeons_arise:greenwood_pub, HEADING, header:ignore, 0, 0, 0
163, graveyard:haunted_house, HEADING, header:ignore, 0, 0, 0
164, idas:haunted_manor, HEADING, header:ignore, 0, 0, 0
165, idas:haunted_manor, MONSTER, quark:wraith, 3, 3, 4
166, ati_structures:haunted_ruin, HEADING, header:ignore, 0, 0, 0
167, dungeons_arise:heavenly_challenger, HEADING, header:ignore, 0, 0, 0
168, dungeons_arise:heavenly_conqueror, HEADING, header:ignore, 0, 0, 0
169, dungeons_arise:heavenly_rider, HEADING, header:ignore, 0, 0, 0
170, idas:hermits_hollow, HEADING, header:ignore, 0, 0, 0
171, ati_structures:herobrine_stronghold, HEADING, header:ignore, 0, 0, 0
172, idas:hunters_cabin, HEADING, header:ignore, 0, 0, 0
173, totw_modded:ice, HEADING, header:ignore, 0, 0, 0
174, aquamirae:ice_maze/arch, HEADING, header:ignore, 0, 0, 0
175, aquamirae:ice_maze/arch, MONSTER, aquamirae:maw, 50, 1, 2
176, aquamirae:ice_maze/arch, AMBIENT, aquamirae:golden_moth, 3, 1, 2
177, aquamirae:ice_maze/common, HEADING, header:ignore, 0, 0, 0
178, aquamirae:ice_maze/common, MONSTER, aquamirae:maw, 50, 1, 2
179, aquamirae:ice_maze/spiral, HEADING, header:ignore, 0, 0, 0
180, aquamirae:ice_maze/spiral, MONSTER, aquamirae:maw, 50, 2, 6
181, ati_structures:ice_tribe, HEADING, header:ignore, 0, 0, 0
182, ati_structures:ice_tribe, MONSTER, minecraft:pig, 1, 1, 2
183, idas:iceandfire/dread_citadel, HEADING, header:ignore, 0, 0, 0
184, minecraft:igloo, HEADING, header:ignore, 0, 0, 0
185, repurposed_structures:igloo_grassy, HEADING, header:ignore, 0, 0, 0
186, repurposed_structures:igloo_mangrove, HEADING, header:ignore, 0, 0, 0
187, repurposed_structures:igloo_mushroom, HEADING, header:ignore, 0, 0, 0
188, repurposed_structures:igloo_stone, HEADING, header:ignore, 0, 0, 0
189, dungeons_arise:illager_campsite, HEADING, header:ignore, 0, 0, 0
190, dungeons_arise:illager_corsair, HEADING, header:ignore, 0, 0, 0
191, dungeons_arise:illager_fort, HEADING, header:ignore, 0, 0, 0
192, dungeons_arise:illager_galley, HEADING, header:ignore, 0, 0, 0
193, dungeons_arise:illager_windmill, HEADING, header:ignore, 0, 0, 0
194, irons_spellbooks:impaled_icebreaker, HEADING, header:ignore, 0, 0, 0
195, born_in_chaos_v1:infernal_pumpkin, HEADING, header:ignore, 0, 0, 0
196, dungeons_arise:infested_temple, HEADING, header:ignore, 0, 0, 0
197, totw_modded:jungle, HEADING, header:ignore, 0, 0, 0
198, minecraft:jungle_pyramid, HEADING, header:ignore, 0, 0, 0
199, ati_structures:jungle_settlement, HEADING, header:ignore, 0, 0, 0
200, betterjungletemples:jungle_temple, HEADING, header:ignore, 0, 0, 0
201, betternether:jungle_temples, HEADING, header:ignore, 0, 0, 0
202, dungeons_arise:jungle_tree_house, HEADING, header:ignore, 0, 0, 0
203, dungeons_arise:keep_kayra, HEADING, header:ignore, 0, 0, 0
204, idas:labyrinth, HEADING, header:ignore, 0, 0, 0
205, graveyard:large_graveyard, HEADING, header:ignore, 0, 0, 0
206, graveyard:large_graveyard, MONSTER, graveyard:skeleton_creeper, 35, 1, 1
207, graveyard:large_graveyard, MONSTER, graveyard:revenant, 45, 1, 3
208, graveyard:large_graveyard, MONSTER, graveyard:ghoul, 50, 2, 4
209, graveyard:lich_prison, HEADING, header:ignore, 0, 0, 0
210, ati_structures:lighthouse, HEADING, header:ignore, 0, 0, 0
211, dungeons_arise:lighthouse, HEADING, header:ignore, 0, 0, 0
212, idas:lumber_camp/lumber_camp_acacia, HEADING, header:ignore, 0, 0, 0
213, idas:lumber_camp/lumber_camp_birch, HEADING, header:ignore, 0, 0, 0
214, idas:lumber_camp/lumber_camp_bopmahogany, HEADING, header:ignore, 0, 0, 0
215, idas:lumber_camp/lumber_camp_bopredwood, HEADING, header:ignore, 0, 0, 0
216, idas:lumber_camp/lumber_camp_bygmahogany, HEADING, header:ignore, 0, 0, 0
217, idas:lumber_camp/lumber_camp_bygredwood, HEADING, header:ignore, 0, 0, 0
218, idas:lumber_camp/lumber_camp_dark_oak, HEADING, header:ignore, 0, 0, 0
219, idas:lumber_camp/lumber_camp_jungle, HEADING, header:ignore, 0, 0, 0
220, idas:lumber_camp/lumber_camp_oak, HEADING, header:ignore, 0, 0, 0
221, idas:lumber_camp/lumber_camp_spruce, HEADING, header:ignore, 0, 0, 0
222, irons_spellbooks:mangrove_hut, HEADING, header:ignore, 0, 0, 0
223, ati_structures:manor, HEADING, header:ignore, 0, 0, 0
224, ati_structures:manor, MONSTER, minecraft:pillager, 1, 1, 1
225, minecraft:mansion, HEADING, header:ignore, 0, 0, 0
226, repurposed_structures:mansion_birch, HEADING, header:ignore, 0, 0, 0
227, repurposed_structures:mansion_desert, HEADING, header:ignore, 0, 0, 0
228, repurposed_structures:mansion_jungle, HEADING, header:ignore, 0, 0, 0
229, repurposed_structures:mansion_mangrove, HEADING, header:ignore, 0, 0, 0
230, repurposed_structures:mansion_oak, HEADING, header:ignore, 0, 0, 0
231, repurposed_structures:mansion_savanna, HEADING, header:ignore, 0, 0, 0
232, repurposed_structures:mansion_snowy, HEADING, header:ignore, 0, 0, 0
233, repurposed_structures:mansion_taiga, HEADING, header:ignore, 0, 0, 0
234, ati_structures:marble_chateau, HEADING, header:ignore, 0, 0, 0
235, totw_modded:mars, HEADING, header:ignore, 0, 0, 0
236, iceandfire:mausoleum, HEADING, header:ignore, 0, 0, 0
237, dungeons_arise:mechanical_nest, HEADING, header:ignore, 0, 0, 0
238, graveyard:medium_graveyard, HEADING, header:ignore, 0, 0, 0
239, graveyard:medium_graveyard, MONSTER, graveyard:skeleton_creeper, 35, 1, 1
240, graveyard:medium_graveyard, MONSTER, graveyard:revenant, 45, 1, 3
241, graveyard:medium_graveyard, MONSTER, graveyard:ghoul, 50, 2, 4
242, betterend:megalake, HEADING, header:ignore, 0, 0, 0
243, betterend:megalake_small, HEADING, header:ignore, 0, 0, 0
244, graveyard:memorial_tree, HEADING, header:ignore, 0, 0, 0
245, dungeons_arise:merchant_campsite, HEADING, header:ignore, 0, 0, 0
246, totw_modded:mercury, HEADING, header:ignore, 0, 0, 0
247, minecraft:mineshaft, HEADING, header:ignore, 0, 0, 0
248, bettermineshafts:mineshaft_acacia, HEADING, header:ignore, 0, 0, 0
249, repurposed_structures:mineshaft_birch, HEADING, header:ignore, 0, 0, 0
250, repurposed_structures:mineshaft_crimson, HEADING, header:ignore, 0, 0, 0
251, repurposed_structures:mineshaft_dark_forest, HEADING, header:ignore, 0, 0, 0
252, bettermineshafts:mineshaft_desert, HEADING, header:ignore, 0, 0, 0
253, repurposed_structures:mineshaft_desert, HEADING, header:ignore, 0, 0, 0
254, bettermineshafts:mineshaft_dripstone, HEADING, header:ignore, 0, 0, 0
255, repurposed_structures:mineshaft_end, HEADING, header:ignore, 0, 0, 0
256, repurposed_structures:mineshaft_end, MONSTER, minecraft:endermite, 10, 2, 5
257, repurposed_structures:mineshaft_end, MONSTER, minecraft:enderman, 5, 1, 3
258, bettermineshafts:mineshaft_ice, HEADING, header:ignore, 0, 0, 0
259, repurposed_structures:mineshaft_icy, HEADING, header:ignore, 0, 0, 0
260, bettermineshafts:mineshaft_jungle, HEADING, header:ignore, 0, 0, 0
261, repurposed_structures:mineshaft_jungle, HEADING, header:ignore, 0, 0, 0
262, bettermineshafts:mineshaft_lush, HEADING, header:ignore, 0, 0, 0
263, bettermineshafts:mineshaft_mesa, HEADING, header:ignore, 0, 0, 0
264, minecraft:mineshaft_mesa, HEADING, header:ignore, 0, 0, 0
265, bettermineshafts:mineshaft_mushroom, HEADING, header:ignore, 0, 0, 0
266, repurposed_structures:mineshaft_nether, HEADING, header:ignore, 0, 0, 0
267, bettermineshafts:mineshaft_oak, HEADING, header:ignore, 0, 0, 0
268, repurposed_structures:mineshaft_ocean, HEADING, header:ignore, 0, 0, 0
269, bettermineshafts:mineshaft_overgrown, HEADING, header:ignore, 0, 0, 0
270, bettermineshafts:mineshaft_red_desert, HEADING, header:ignore, 0, 0, 0
271, repurposed_structures:mineshaft_savanna, HEADING, header:ignore, 0, 0, 0
272, bettermineshafts:mineshaft_spruce, HEADING, header:ignore, 0, 0, 0
273, bettermineshafts:mineshaft_spruce_snowy, HEADING, header:ignore, 0, 0, 0
274, repurposed_structures:mineshaft_stone, HEADING, header:ignore, 0, 0, 0
275, repurposed_structures:mineshaft_swamp, HEADING, header:ignore, 0, 0, 0
276, repurposed_structures:mineshaft_taiga, HEADING, header:ignore, 0, 0, 0
277, repurposed_structures:mineshaft_warped, HEADING, header:ignore, 0, 0, 0
278, dungeons_arise:mining_system, HEADING, header:ignore, 0, 0, 0
279, dungeons_arise:monastery, HEADING, header:ignore, 0, 0, 0
280, ati_structures:monastery_tower, HEADING, header:ignore, 0, 0, 0
281, minecraft:monument, HEADING, header:ignore, 0, 0, 0
282, minecraft:monument, MONSTER, minecraft:guardian, 1, 2, 4
283, repurposed_structures:monument_desert, HEADING, header:ignore, 0, 0, 0
284, repurposed_structures:monument_desert, MONSTER, minecraft:husk, 20, 1, 4
285, repurposed_structures:monument_desert, MONSTER, minecraft:creeper, 15, 1, 2
286, repurposed_structures:monument_desert, MONSTER, minecraft:skeleton, 10, 1, 3
287, repurposed_structures:monument_icy, HEADING, header:ignore, 0, 0, 0
288, repurposed_structures:monument_icy, MONSTER, minecraft:stray, 40, 1, 3
289, repurposed_structures:monument_icy, MONSTER, minecraft:vex, 1, 1, 2
290, repurposed_structures:monument_jungle, HEADING, header:ignore, 0, 0, 0
291, repurposed_structures:monument_jungle, MONSTER, minecraft:husk, 20, 1, 4
292, repurposed_structures:monument_jungle, MONSTER, minecraft:creeper, 15, 1, 2
293, repurposed_structures:monument_jungle, MONSTER, minecraft:skeleton, 10, 1, 3
294, repurposed_structures:monument_nether, HEADING, header:ignore, 0, 0, 0
295, repurposed_structures:monument_nether, MONSTER, minecraft:magma_cube, 20, 1, 3
296, repurposed_structures:monument_nether, MONSTER, minecraft:wither_skeleton, 10, 1, 3
297, repurposed_structures:monument_nether, MONSTER, minecraft:ghast, 5, 1, 1
298, totw_modded:moon, HEADING, header:ignore, 0, 0, 0
299, ati_structures:mosque, HEADING, header:ignore, 0, 0, 0
300, born_in_chaos_v1:mound_of_hounds, HEADING, header:ignore, 0, 0, 0
301, betterend:mountain, HEADING, header:ignore, 0, 0, 0
302, irons_spellbooks:mountain_tower, HEADING, header:ignore, 0, 0, 0
303, graveyard:mushroom_grave, HEADING, header:ignore, 0, 0, 0
304, dungeons_arise:mushroom_house, HEADING, header:ignore, 0, 0, 0
305, dungeons_arise:mushroom_mines, HEADING, header:ignore, 0, 0, 0
306, dungeons_arise:mushroom_village, HEADING, header:ignore, 0, 0, 0
307, idas:necromancers_spire, HEADING, header:ignore, 0, 0, 0
308, idas:necromancers_spire, MONSTER, quark:wraith, 10, 1, 1
309, totw_modded:nether, HEADING, header:ignore, 0, 0, 0
310, betternether:nether_city, HEADING, header:ignore, 0, 0, 0
311, minecraft:nether_fossil, HEADING, header:ignore, 0, 0, 0
312, paraglider:nether_horned_statue, HEADING, header:ignore, 0, 0, 0
313, idas:nexus, HEADING, header:ignore, 0, 0, 0
314, idas:nexus, MONSTER, minecraft:silverfish, 3, 1, 4
315, idas:nexus, MONSTER, quark:wraith, 3, 1, 4
316, ati_structures:nomadic_camp, HEADING, header:ignore, 0, 0, 0
317, ati_structures:nomadic_camp, MONSTER, minecraft:pillager, 1, 1, 1
318, born_in_chaos_v1:observation_tower_forest, HEADING, header:ignore, 0, 0, 0
319, born_in_chaos_v1:observation_tower_plains, HEADING, header:ignore, 0, 0, 0
320, totw_modded:ocean, HEADING, header:ignore, 0, 0, 0
321, betteroceanmonuments:ocean_monument, HEADING, header:ignore, 0, 0, 0
322, betteroceanmonuments:ocean_monument, MONSTER, minecraft:guardian, 1, 2, 4
323, minecraft:ocean_ruin_cold, HEADING, header:ignore, 0, 0, 0
324, minecraft:ocean_ruin_warm, HEADING, header:ignore, 0, 0, 0
325, totw_modded:ocean_warm, HEADING, header:ignore, 0, 0, 0
326, ati_structures:old_fort, HEADING, header:ignore, 0, 0, 0
327, ati_structures:old_home, HEADING, header:ignore, 0, 0, 0
328, aquamirae:outpost, HEADING, header:ignore, 0, 0, 0
329, aquamirae:outpost, MONSTER, minecraft:pillager, 10, 1, 2
330, aquamirae:outpost, MONSTER, minecraft:vindicator, 5, 1, 1
331, repurposed_structures:outpost_badlands, HEADING, header:ignore, 0, 0, 0
332, repurposed_structures:outpost_badlands, MONSTER, minecraft:pillager, 10, 1, 1
333, repurposed_structures:outpost_birch, HEADING, header:ignore, 0, 0, 0
334, repurposed_structures:outpost_birch, MONSTER, minecraft:pillager, 10, 1, 1
335, repurposed_structures:outpost_crimson, HEADING, header:ignore, 0, 0, 0
336, repurposed_structures:outpost_crimson, MONSTER, minecraft:piglin, 10, 1, 1
337, repurposed_structures:outpost_desert, HEADING, header:ignore, 0, 0, 0
338, repurposed_structures:outpost_desert, MONSTER, minecraft:pillager, 10, 1, 1
339, repurposed_structures:outpost_end, HEADING, header:ignore, 0, 0, 0
340, repurposed_structures:outpost_end, MONSTER, minecraft:phantom, 10, 1, 1
341, repurposed_structures:outpost_giant_tree_taiga, HEADING, header:ignore, 0, 0, 0
342, repurposed_structures:outpost_giant_tree_taiga, MONSTER, minecraft:pillager, 10, 1, 1
343, repurposed_structures:outpost_icy, HEADING, header:ignore, 0, 0, 0
344, repurposed_structures:outpost_icy, MONSTER, minecraft:pillager, 10, 1, 1
345, repurposed_structures:outpost_jungle, HEADING, header:ignore, 0, 0, 0
346, repurposed_structures:outpost_jungle, MONSTER, minecraft:pillager, 10, 1, 1
347, repurposed_structures:outpost_mangrove, HEADING, header:ignore, 0, 0, 0
348, repurposed_structures:outpost_mangrove, MONSTER, minecraft:pillager, 10, 1, 1
349, repurposed_structures:outpost_nether_brick, HEADING, header:ignore, 0, 0, 0
350, repurposed_structures:outpost_nether_brick, MONSTER, minecraft:piglin, 10, 1, 1
351, repurposed_structures:outpost_oak, HEADING, header:ignore, 0, 0, 0
352, repurposed_structures:outpost_oak, MONSTER, minecraft:pillager, 10, 1, 1
353, repurposed_structures:outpost_snowy, HEADING, header:ignore, 0, 0, 0
354, repurposed_structures:outpost_snowy, MONSTER, minecraft:pillager, 10, 1, 1
355, repurposed_structures:outpost_taiga, HEADING, header:ignore, 0, 0, 0
356, repurposed_structures:outpost_taiga, MONSTER, minecraft:pillager, 10, 1, 1
357, repurposed_structures:outpost_warped, HEADING, header:ignore, 0, 0, 0
358, repurposed_structures:outpost_warped, MONSTER, minecraft:piglin, 10, 1, 1
359, call_of_yucutan:overgrown_temple, HEADING, header:ignore, 0, 0, 0
360, betterend:painted_mountain, HEADING, header:ignore, 0, 0, 0
361, idas:pillager_camp, HEADING, header:ignore, 0, 0, 0
362, idas:pillager_fortress, HEADING, header:ignore, 0, 0, 0
363, minecraft:pillager_outpost, HEADING, header:ignore, 0, 0, 0
364, minecraft:pillager_outpost, MONSTER, minecraft:pillager, 1, 1, 1
365, betternether:pillars, HEADING, header:ignore, 0, 0, 0
366, dungeons_arise:plague_asylum, HEADING, header:ignore, 0, 0, 0
367, valhelsia_structures:player_house, HEADING, header:ignore, 0, 0, 0
368, betternether:portals, HEADING, header:ignore, 0, 0, 0
369, betternether:pyramid, HEADING, header:ignore, 0, 0, 0
370, repurposed_structures:pyramid_badlands, HEADING, header:ignore, 0, 0, 0
371, repurposed_structures:pyramid_dark_forest, HEADING, header:ignore, 0, 0, 0
372, repurposed_structures:pyramid_end, HEADING, header:ignore, 0, 0, 0
373, repurposed_structures:pyramid_flower_forest, HEADING, header:ignore, 0, 0, 0
374, repurposed_structures:pyramid_giant_tree_taiga, HEADING, header:ignore, 0, 0, 0
375, repurposed_structures:pyramid_icy, HEADING, header:ignore, 0, 0, 0
376, repurposed_structures:pyramid_jungle, HEADING, header:ignore, 0, 0, 0
377, repurposed_structures:pyramid_mushroom, HEADING, header:ignore, 0, 0, 0
378, repurposed_structures:pyramid_nether, HEADING, header:ignore, 0, 0, 0
379, repurposed_structures:pyramid_ocean, HEADING, header:ignore, 0, 0, 0
380, repurposed_structures:pyramid_snowy, HEADING, header:ignore, 0, 0, 0
381, irons_spellbooks:pyromancer_tower, HEADING, header:ignore, 0, 0, 0
382, ati_structures:quarry, HEADING, header:ignore, 0, 0, 0
383, totw_modded:ratlantis, HEADING, header:ignore, 0, 0, 0
384, idas:redhorn_guild, HEADING, header:ignore, 0, 0, 0
385, totw_modded:regular, HEADING, header:ignore, 0, 0, 0
386, betternether:respawn_points, HEADING, header:ignore, 0, 0, 0
387, ati_structures:rotten_log, HEADING, header:ignore, 0, 0, 0
388, ati_structures:rotting_temple, HEADING, header:ignore, 0, 0, 0
389, ati_structures:rotting_temple, MONSTER, minecraft:zombie, 1, 1, 3
390, ati_structures:rotting_temple_underground, HEADING, header:ignore, 0, 0, 0
391, ati_structures:rotting_temple_underground, MONSTER, minecraft:zombie, 1, 1, 3
392, ati_structures:ruined_castle, HEADING, header:ignore, 0, 0, 0
393, cataclysm:ruined_citadel, HEADING, header:ignore, 0, 0, 0
394, cataclysm:ruined_citadel, MONSTER, cataclysm:endermaptera, 3, 1, 1
395, minecraft:ruined_portal, HEADING, header:ignore, 0, 0, 0
396, minecraft:ruined_portal_desert, HEADING, header:ignore, 0, 0, 0
397, repurposed_structures:ruined_portal_end, HEADING, header:ignore, 0, 0, 0
398, minecraft:ruined_portal_jungle, HEADING, header:ignore, 0, 0, 0
399, minecraft:ruined_portal_mountain, HEADING, header:ignore, 0, 0, 0
400, minecraft:ruined_portal_nether, HEADING, header:ignore, 0, 0, 0
401, minecraft:ruined_portal_ocean, HEADING, header:ignore, 0, 0, 0
402, minecraft:ruined_portal_swamp, HEADING, header:ignore, 0, 0, 0
403, graveyard:ruins, HEADING, header:ignore, 0, 0, 0
404, graveyard:ruins, MONSTER, graveyard:skeleton_creeper, 35, 1, 1
405, graveyard:ruins, MONSTER, graveyard:revenant, 45, 1, 3
406, graveyard:ruins, MONSTER, graveyard:ghoul, 50, 1, 2
407, repurposed_structures:ruins_land_cold, HEADING, header:ignore, 0, 0, 0
408, repurposed_structures:ruins_land_hot, HEADING, header:ignore, 0, 0, 0
409, repurposed_structures:ruins_land_icy, HEADING, header:ignore, 0, 0, 0
410, repurposed_structures:ruins_land_warm, HEADING, header:ignore, 0, 0, 0
411, repurposed_structures:ruins_nether, HEADING, header:ignore, 0, 0, 0
412, idas:ruins_of_the_deep, HEADING, header:ignore, 0, 0, 0
413, dungeons_arise:scorched_mines, HEADING, header:ignore, 0, 0, 0
414, ati_structures:sculk_deposit, HEADING, header:ignore, 0, 0, 0
415, aquamirae:shelter, HEADING, header:ignore, 0, 0, 0
416, aquamirae:ship, HEADING, header:ignore, 0, 0, 0
417, aquamirae:ship, MONSTER, minecraft:pillager, 10, 1, 2
418, aquamirae:ship, MONSTER, minecraft:vindicator, 5, 1, 1
419, minecraft:shipwreck, HEADING, header:ignore, 0, 0, 0
420, minecraft:shipwreck_beached, HEADING, header:ignore, 0, 0, 0
421, repurposed_structures:shipwreck_crimson, HEADING, header:ignore, 0, 0, 0
422, repurposed_structures:shipwreck_crimson, MONSTER, minecraft:wither_skeleton, 10, 1, 1
423, repurposed_structures:shipwreck_end, HEADING, header:ignore, 0, 0, 0
424, repurposed_structures:shipwreck_nether_bricks, HEADING, header:ignore, 0, 0, 0
425, repurposed_structures:shipwreck_nether_bricks, MONSTER, minecraft:wither_skeleton, 10, 1, 1
426, repurposed_structures:shipwreck_warped, HEADING, header:ignore, 0, 0, 0
427, repurposed_structures:shipwreck_warped, MONSTER, minecraft:wither_skeleton, 10, 1, 1
428, dungeons_arise:shiraz_palace, HEADING, header:ignore, 0, 0, 0
429, ati_structures:silverfish_nest, HEADING, header:ignore, 0, 0, 0
430, ati_structures:sinking_temple, HEADING, header:ignore, 0, 0, 0
431, ati_structures:sinking_temple, MONSTER, minecraft:drowned, 1, 1, 2
432, betterdungeons:skeleton_dungeon, HEADING, header:ignore, 0, 0, 0
433, betterdungeons:skeleton_dungeon, MONSTER, minecraft:skeleton, 100, 4, 15
434, skyvillages:skyvillage, HEADING, header:ignore, 0, 0, 0
435, dungeons_arise:small_blimp, HEADING, header:ignore, 0, 0, 0
436, graveyard:small_desert_grave, HEADING, header:ignore, 0, 0, 0
437, graveyard:small_desert_graveyard, HEADING, header:ignore, 0, 0, 0
438, graveyard:small_desert_graveyard, MONSTER, minecraft:vindicator, 1, 1, 1
439, graveyard:small_desert_graveyard, MONSTER, minecraft:pillager, 10, 1, 1
440, betterdungeons:small_dungeon, HEADING, header:ignore, 0, 0, 0
441, graveyard:small_grave, HEADING, header:ignore, 0, 0, 0
442, graveyard:small_graveyard, HEADING, header:ignore, 0, 0, 0
443, graveyard:small_graveyard, MONSTER, graveyard:skeleton_creeper, 35, 1, 1
444, graveyard:small_graveyard, MONSTER, graveyard:revenant, 45, 1, 3
445, graveyard:small_graveyard, MONSTER, graveyard:ghoul, 50, 1, 2
446, ati_structures:small_keep, HEADING, header:ignore, 0, 0, 0
447, graveyard:small_mountain_grave, HEADING, header:ignore, 0, 0, 0
448, betterdungeons:small_nether_dungeon, HEADING, header:ignore, 0, 0, 0
449, dungeons_arise:small_prairie_house, HEADING, header:ignore, 0, 0, 0
450, graveyard:small_savanna_grave, HEADING, header:ignore, 0, 0, 0
451, idas:snifferhenge, HEADING, header:ignore, 0, 0, 0
452, cataclysm:soul_black_smith, HEADING, header:ignore, 0, 0, 0
453, betternether:spawn_altar_ladder, HEADING, header:ignore, 0, 0, 0
454, valhelsia_structures:spawner_dungeon, HEADING, header:ignore, 0, 0, 0
455, valhelsia_structures:spawner_room, HEADING, header:ignore, 0, 0, 0
456, betterdungeons:spider_dungeon, HEADING, header:ignore, 0, 0, 0
457, betterdungeons:spider_dungeon, MONSTER, minecraft:spider, 100, 4, 15
458, betterdungeons:spider_dungeon, MONSTER, minecraft:cave_spider, 50, 4, 8
459, ati_structures:spider_nest, HEADING, header:ignore, 0, 0, 0
460, ati_structures:spider_nest, MONSTER, minecraft:spider, 1, 1, 3
461, ati_structures:spider_nest, MONSTER, minecraft:cave_spider, 1, 1, 2
462, ati_structures:stray_ruins, HEADING, header:ignore, 0, 0, 0
463, betterstrongholds:stronghold, HEADING, header:ignore, 0, 0, 0
464, minecraft:stronghold, HEADING, header:ignore, 0, 0, 0
465, repurposed_structures:stronghold_end, HEADING, header:ignore, 0, 0, 0
466, repurposed_structures:stronghold_end, MONSTER, minecraft:endermite, 100, 2, 4
467, repurposed_structures:stronghold_nether, HEADING, header:ignore, 0, 0, 0
468, repurposed_structures:stronghold_nether, MONSTER, minecraft:blaze, 10, 2, 3
469, repurposed_structures:stronghold_nether, MONSTER, minecraft:zombified_piglin, 3, 4, 4
470, repurposed_structures:stronghold_nether, MONSTER, minecraft:wither_skeleton, 10, 5, 5
471, repurposed_structures:stronghold_nether, MONSTER, minecraft:skeleton, 2, 5, 5
472, repurposed_structures:stronghold_nether, MONSTER, minecraft:magma_cube, 3, 4, 4
473, cataclysm:sunken_city, HEADING, header:ignore, 0, 0, 0
474, idas:sunken_ship/sunken_ship, HEADING, header:ignore, 0, 0, 0
475, idas:sunken_ship/sunken_ship, MONSTER, quark:wraith, 5, 1, 2
476, idas:sunken_ship/sunken_ship_coral, HEADING, header:ignore, 0, 0, 0
477, idas:sunken_ship/sunken_ship_coral, MONSTER, quark:wraith, 5, 1, 2
478, idas:sunken_ship/sunken_ship_ruins, HEADING, header:ignore, 0, 0, 0
479, minecraft:swamp_hut, HEADING, header:ignore, 0, 0, 0
480, minecraft:swamp_hut, MONSTER, minecraft:witch, 1, 1, 1
481, minecraft:swamp_hut, CREATURE, minecraft:cat, 1, 1, 1
482, paraglider:tarrey_town_goddess_statue, HEADING, header:ignore, 0, 0, 0
483, ati_structures:tavern, HEADING, header:ignore, 0, 0, 0
484, repurposed_structures:temple_nether_basalt, HEADING, header:ignore, 0, 0, 0
485, repurposed_structures:temple_nether_crimson, HEADING, header:ignore, 0, 0, 0
486, repurposed_structures:temple_nether_soul, HEADING, header:ignore, 0, 0, 0
487, repurposed_structures:temple_nether_warped, HEADING, header:ignore, 0, 0, 0
488, repurposed_structures:temple_nether_wasteland, HEADING, header:ignore, 0, 0, 0
489, repurposed_structures:temple_ocean, HEADING, header:ignore, 0, 0, 0
490, repurposed_structures:temple_taiga, HEADING, header:ignore, 0, 0, 0
491, conjurer_illager:theatre, HEADING, header:ignore, 0, 0, 0
492, dungeons_arise:thornborn_towers, HEADING, header:ignore, 0, 0, 0
493, idas:tinkers_citadel, HEADING, header:ignore, 0, 0, 0
494, idas:tinkers_workshop, HEADING, header:ignore, 0, 0, 0
495, valhelsia_structures:tower_ruin, HEADING, header:ignore, 0, 0, 0
496, minecraft:trail_ruins, HEADING, header:ignore, 0, 0, 0
497, idas:train_ruins, HEADING, header:ignore, 0, 0, 0
498, idas:tree_of_wisdom, HEADING, header:ignore, 0, 0, 0
499, idas:treetop_tavern, HEADING, header:ignore, 0, 0, 0
500, totw_modded:tw_canopy, HEADING, header:ignore, 0, 0, 0
501, totw_modded:tw_mangrove, HEADING, header:ignore, 0, 0, 0
502, dungeons_arise:typhon, HEADING, header:ignore, 0, 0, 0
503, mowziesmobs:umvuthana_grove, HEADING, header:ignore, 0, 0, 0
504, dungeons_arise:undead_pirate_ship, HEADING, header:ignore, 0, 0, 0
505, idas:underground_camp/underground_camp, HEADING, header:ignore, 0, 0, 0
506, idas:underground_camp/underground_camp_deep, HEADING, header:ignore, 0, 0, 0
507, paraglider:underground_horned_statue, HEADING, header:ignore, 0, 0, 0
508, ati_structures:underground_monument, HEADING, header:ignore, 0, 0, 0
509, ati_structures:underwater_dungeon, HEADING, header:ignore, 0, 0, 0
510, ati_structures:underwater_dungeon, MONSTER, minecraft:drowned, 2, 1, 2
511, ati_structures:underwater_dungeon, MONSTER, minecraft:guardian, 1, 1, 2
512, totw_modded:venus, HEADING, header:ignore, 0, 0, 0
513, repurposed_structures:village_badlands, HEADING, header:ignore, 0, 0, 0
514, repurposed_structures:village_bamboo, HEADING, header:ignore, 0, 0, 0
515, repurposed_structures:village_birch, HEADING, header:ignore, 0, 0, 0
516, repurposed_structures:village_cherry, HEADING, header:ignore, 0, 0, 0
517, repurposed_structures:village_crimson, HEADING, header:ignore, 0, 0, 0
518, repurposed_structures:village_dark_forest, HEADING, header:ignore, 0, 0, 0
519, minecraft:village_desert, HEADING, header:ignore, 0, 0, 0
520, repurposed_structures:village_giant_taiga, HEADING, header:ignore, 0, 0, 0
521, repurposed_structures:village_jungle, HEADING, header:ignore, 0, 0, 0
522, repurposed_structures:village_mountains, HEADING, header:ignore, 0, 0, 0
523, repurposed_structures:village_mushroom, HEADING, header:ignore, 0, 0, 0
524, repurposed_structures:village_oak, HEADING, header:ignore, 0, 0, 0
525, repurposed_structures:village_ocean, HEADING, header:ignore, 0, 0, 0
526, minecraft:village_plains, HEADING, header:ignore, 0, 0, 0
527, minecraft:village_savanna, HEADING, header:ignore, 0, 0, 0
528, minecraft:village_snowy, HEADING, header:ignore, 0, 0, 0
529, repurposed_structures:village_swamp, HEADING, header:ignore, 0, 0, 0
530, minecraft:village_taiga, HEADING, header:ignore, 0, 0, 0
531, repurposed_structures:village_warped, HEADING, header:ignore, 0, 0, 0
532, ati_structures:villager_inn, HEADING, header:ignore, 0, 0, 0
533, idas:washing_camp, HEADING, header:ignore, 0, 0, 0
534, supplementaries:way_sign, HEADING, header:ignore, 0, 0, 0
535, idas:winter_wagon, HEADING, header:ignore, 0, 0, 0
536, dungeons_arise:wishing_well, HEADING, header:ignore, 0, 0, 0
537, valhelsia_structures:witch_hut, HEADING, header:ignore, 0, 0, 0
538, valhelsia_structures:witch_hut, MONSTER, minecraft:witch, 1, 1, 1
539, valhelsia_structures:witch_hut, CREATURE, minecraft:cat, 1, 1, 1
540, repurposed_structures:witch_hut_birch, HEADING, header:ignore, 0, 0, 0
541, repurposed_structures:witch_hut_birch, MONSTER, minecraft:witch, 1, 1, 1
542, repurposed_structures:witch_hut_birch, CREATURE, minecraft:cat, 1, 1, 1
543, repurposed_structures:witch_hut_dark_forest, HEADING, header:ignore, 0, 0, 0
544, repurposed_structures:witch_hut_dark_forest, MONSTER, minecraft:witch, 1, 1, 1
545, repurposed_structures:witch_hut_dark_forest, CREATURE, minecraft:cat, 1, 1, 1
546, repurposed_structures:witch_hut_giant_tree_taiga, HEADING, header:ignore, 0, 0, 0
547, repurposed_structures:witch_hut_giant_tree_taiga, MONSTER, minecraft:witch, 1, 1, 1
548, repurposed_structures:witch_hut_giant_tree_taiga, CREATURE, minecraft:cat, 1, 1, 1
549, repurposed_structures:witch_hut_mangrove, HEADING, header:ignore, 0, 0, 0
550, repurposed_structures:witch_hut_mangrove, MONSTER, minecraft:witch, 1, 1, 1
551, repurposed_structures:witch_hut_mangrove, CREATURE, minecraft:cat, 1, 1, 1
552, repurposed_structures:witch_hut_oak, HEADING, header:ignore, 0, 0, 0
553, repurposed_structures:witch_hut_oak, MONSTER, minecraft:witch, 1, 1, 1
554, repurposed_structures:witch_hut_oak, CREATURE, minecraft:cat, 1, 1, 1
555, repurposed_structures:witch_hut_taiga, HEADING, header:ignore, 0, 0, 0
556, repurposed_structures:witch_hut_taiga, MONSTER, minecraft:witch, 1, 1, 1
557, repurposed_structures:witch_hut_taiga, CREATURE, minecraft:cat, 1, 1, 1
558, idas:witches_treestump, HEADING, header:ignore, 0, 0, 0
559, idas:witches_treestump, MONSTER, minecraft:witch, 1, 1, 1
560, idas:witches_treestump, CREATURE, minecraft:cat, 1, 1, 1
561, idas:wizard_tower, HEADING, header:ignore, 0, 0, 0
562, ati_structures:woodland_keep, HEADING, header:ignore, 0, 0, 0
563, mowziesmobs:wrought_chamber, HEADING, header:ignore, 0, 0, 0
564, betterdungeons:zombie_dungeon, HEADING, header:ignore, 0, 0, 0
565, betterdungeons:zombie_dungeon, MONSTER, minecraft:zombie, 100, 4, 15
